2024-11-19 15:23:03,808 [INFO]  Połączono z bazą danych
2024-11-19 15:23:03,825 [DEBUG]  Connection to Modbus server established. Socket ('192.168.1.120', 53396)
2024-11-19 15:23:03,825 [INFO]  Połączono z serwerem Modbus
2024-11-19 15:23:03,826 [INFO]  Odczyt FLOAT Prad -> L1: Offset = 0, Jednostka = A
2024-11-19 15:23:03,826 [DEBUG]  Current transaction state - IDLE
2024-11-19 15:23:03,826 [DEBUG]  Running transaction 1
2024-11-19 15:23:03,827 [DEBUG]  SEND: 0x0 0x1 0x0 0x0 0x0 0x6 0x1 0x4 0x0 0x0 0x0 0x1
2024-11-19 15:23:03,827 [DEBUG]  New Transaction state "SENDING"
2024-11-19 15:23:03,828 [DEBUG]  Changing transaction state from "SENDING" to "WAITING FOR REPLY"
2024-11-19 15:23:03,830 [DEBUG]  Changing transaction state from "WAITING FOR REPLY" to "PROCESSING REPLY"
2024-11-19 15:23:03,830 [DEBUG]  RECV: 0x0 0x1 0x0 0x0 0x0 0x5 0x1 0x4 0x2 0x0 0x8
2024-11-19 15:23:03,831 [DEBUG]  Processing: 0x0 0x1 0x0 0x0 0x0 0x5 0x1 0x4 0x2 0x0 0x8
2024-11-19 15:23:03,831 [DEBUG]  decode PDU for 4
2024-11-19 15:23:03,832 [DEBUG]  Frame advanced, resetting header!!
2024-11-19 15:23:03,833 [DEBUG]  Adding transaction 1
2024-11-19 15:23:03,833 [DEBUG]  Getting transaction 1
2024-11-19 15:23:03,833 [DEBUG]  Changing transaction state from "PROCESSING REPLY" to "TRANSACTION_COMPLETE"
2024-11-19 15:23:03,834 [INFO]  Rejestr L1 odczytany: 8
2024-11-19 15:23:03,846 [WARNING]  Rekord o nazwie - L1 już istnieje w tej tabeli
2024-11-19 15:23:03,883 [INFO]  Dodano rekord w tabeli odczyty: id_prad = 1, wartosc = 8
2024-11-19 15:23:03,883 [INFO]  Odczyt FLOAT Prad -> L2: Offset = 1, Jednostka = A
2024-11-19 15:23:03,884 [DEBUG]  Current transaction state - TRANSACTION_COMPLETE
2024-11-19 15:23:03,884 [DEBUG]  Running transaction 2
2024-11-19 15:23:03,885 [DEBUG]  SEND: 0x0 0x2 0x0 0x0 0x0 0x6 0x1 0x4 0x0 0x1 0x0 0x1
2024-11-19 15:23:03,885 [DEBUG]  New Transaction state "SENDING"
2024-11-19 15:23:03,885 [DEBUG]  Changing transaction state from "SENDING" to "WAITING FOR REPLY"
2024-11-19 15:23:03,886 [DEBUG]  Changing transaction state from "WAITING FOR REPLY" to "PROCESSING REPLY"
2024-11-19 15:23:03,887 [DEBUG]  RECV: 0x0 0x2 0x0 0x0 0x0 0x5 0x1 0x4 0x2 0x0 0x12
2024-11-19 15:23:03,887 [DEBUG]  Processing: 0x0 0x2 0x0 0x0 0x0 0x5 0x1 0x4 0x2 0x0 0x12
2024-11-19 15:23:03,887 [DEBUG]  decode PDU for 4
2024-11-19 15:23:03,887 [DEBUG]  Frame advanced, resetting header!!
2024-11-19 15:23:03,888 [DEBUG]  Adding transaction 2
2024-11-19 15:23:03,888 [DEBUG]  Getting transaction 2
2024-11-19 15:23:03,888 [DEBUG]  Changing transaction state from "PROCESSING REPLY" to "TRANSACTION_COMPLETE"
2024-11-19 15:23:03,889 [INFO]  Rejestr L2 odczytany: 18
2024-11-19 15:23:03,892 [WARNING]  Rekord o nazwie - L2 już istnieje w tej tabeli
2024-11-19 15:23:03,925 [INFO]  Dodano rekord w tabeli odczyty: id_prad = 2, wartosc = 18
2024-11-19 15:23:03,926 [INFO]  Odczyt FLOAT Prad -> L3: Offset = 2, Jednostka = A
2024-11-19 15:23:03,926 [DEBUG]  Current transaction state - TRANSACTION_COMPLETE
2024-11-19 15:23:03,926 [DEBUG]  Running transaction 3
2024-11-19 15:23:03,927 [DEBUG]  SEND: 0x0 0x3 0x0 0x0 0x0 0x6 0x1 0x4 0x0 0x2 0x0 0x1
2024-11-19 15:23:03,927 [DEBUG]  New Transaction state "SENDING"
2024-11-19 15:23:03,928 [DEBUG]  Changing transaction state from "SENDING" to "WAITING FOR REPLY"
2024-11-19 15:23:03,928 [DEBUG]  Changing transaction state from "WAITING FOR REPLY" to "PROCESSING REPLY"
2024-11-19 15:23:03,929 [DEBUG]  RECV: 0x0 0x3 0x0 0x0 0x0 0x5 0x1 0x4 0x2 0x0 0x13
2024-11-19 15:23:03,929 [DEBUG]  Processing: 0x0 0x3 0x0 0x0 0x0 0x5 0x1 0x4 0x2 0x0 0x13
2024-11-19 15:23:03,929 [DEBUG]  decode PDU for 4
2024-11-19 15:23:03,929 [DEBUG]  Frame advanced, resetting header!!
2024-11-19 15:23:03,930 [DEBUG]  Adding transaction 3
2024-11-19 15:23:03,930 [DEBUG]  Getting transaction 3
2024-11-19 15:23:03,930 [DEBUG]  Changing transaction state from "PROCESSING REPLY" to "TRANSACTION_COMPLETE"
2024-11-19 15:23:03,931 [INFO]  Rejestr L3 odczytany: 19
2024-11-19 15:23:03,936 [WARNING]  Rekord o nazwie - L3 już istnieje w tej tabeli
2024-11-19 15:23:03,951 [INFO]  Dodano rekord w tabeli odczyty: id_prad = 3, wartosc = 19
2024-11-19 15:23:03,951 [INFO]  Odczyt FLOAT Prad -> N: Offset = 3, Jednostka = A
2024-11-19 15:23:03,952 [DEBUG]  Current transaction state - TRANSACTION_COMPLETE
2024-11-19 15:23:03,952 [DEBUG]  Running transaction 4
2024-11-19 15:23:03,953 [DEBUG]  SEND: 0x0 0x4 0x0 0x0 0x0 0x6 0x1 0x4 0x0 0x3 0x0 0x1
2024-11-19 15:23:03,953 [DEBUG]  New Transaction state "SENDING"
2024-11-19 15:23:03,953 [DEBUG]  Changing transaction state from "SENDING" to "WAITING FOR REPLY"
2024-11-19 15:23:03,954 [DEBUG]  Changing transaction state from "WAITING FOR REPLY" to "PROCESSING REPLY"
2024-11-19 15:23:03,955 [DEBUG]  RECV: 0x0 0x4 0x0 0x0 0x0 0x5 0x1 0x4 0x2 0x0 0x5
2024-11-19 15:23:03,955 [DEBUG]  Processing: 0x0 0x4 0x0 0x0 0x0 0x5 0x1 0x4 0x2 0x0 0x5
2024-11-19 15:23:03,956 [DEBUG]  decode PDU for 4
2024-11-19 15:23:03,956 [DEBUG]  Frame advanced, resetting header!!
2024-11-19 15:23:03,956 [DEBUG]  Adding transaction 4
2024-11-19 15:23:03,957 [DEBUG]  Getting transaction 4
2024-11-19 15:23:03,957 [DEBUG]  Changing transaction state from "PROCESSING REPLY" to "TRANSACTION_COMPLETE"
2024-11-19 15:23:03,957 [INFO]  Rejestr N odczytany: 5
2024-11-19 15:23:03,963 [WARNING]  Rekord o nazwie - N już istnieje w tej tabeli
2024-11-19 15:23:03,974 [INFO]  Dodano rekord w tabeli odczyty: id_prad = 4, wartosc = 5
2024-11-19 15:23:03,975 [INFO]  Odczyt FLOAT Prad -> Asymetria: Offset = 4, Jednostka = %
2024-11-19 15:23:03,975 [DEBUG]  Current transaction state - TRANSACTION_COMPLETE
2024-11-19 15:23:03,976 [DEBUG]  Running transaction 5
2024-11-19 15:23:03,976 [DEBUG]  SEND: 0x0 0x5 0x0 0x0 0x0 0x6 0x1 0x4 0x0 0x4 0x0 0x1
2024-11-19 15:23:03,977 [DEBUG]  New Transaction state "SENDING"
2024-11-19 15:23:03,977 [DEBUG]  Changing transaction state from "SENDING" to "WAITING FOR REPLY"
2024-11-19 15:23:03,978 [DEBUG]  Changing transaction state from "WAITING FOR REPLY" to "PROCESSING REPLY"
2024-11-19 15:23:03,978 [DEBUG]  RECV: 0x0 0x5 0x0 0x0 0x0 0x5 0x1 0x4 0x2 0x0 0x6
2024-11-19 15:23:03,979 [DEBUG]  Processing: 0x0 0x5 0x0 0x0 0x0 0x5 0x1 0x4 0x2 0x0 0x6
2024-11-19 15:23:03,979 [DEBUG]  decode PDU for 4
2024-11-19 15:23:03,979 [DEBUG]  Frame advanced, resetting header!!
2024-11-19 15:23:03,980 [DEBUG]  Adding transaction 5
2024-11-19 15:23:03,980 [DEBUG]  Getting transaction 5
2024-11-19 15:23:03,980 [DEBUG]  Changing transaction state from "PROCESSING REPLY" to "TRANSACTION_COMPLETE"
2024-11-19 15:23:03,981 [INFO]  Rejestr Asymetria odczytany: 6
2024-11-19 15:23:03,987 [WARNING]  Rekord o nazwie - Asymetria już istnieje w tej tabeli
2024-11-19 15:23:03,996 [INFO]  Dodano rekord w tabeli odczyty: id_prad = 5, wartosc = 6
2024-11-19 15:23:03,997 [INFO]  Odczyt FLOAT Prad -> Czestotliwosc sieci: Offset = 5, Jednostka = Hz
2024-11-19 15:23:03,997 [DEBUG]  Current transaction state - TRANSACTION_COMPLETE
2024-11-19 15:23:03,997 [DEBUG]  Running transaction 6
2024-11-19 15:23:03,998 [DEBUG]  SEND: 0x0 0x6 0x0 0x0 0x0 0x6 0x1 0x4 0x0 0x5 0x0 0x1
2024-11-19 15:23:03,998 [DEBUG]  New Transaction state "SENDING"
2024-11-19 15:23:03,998 [DEBUG]  Changing transaction state from "SENDING" to "WAITING FOR REPLY"
2024-11-19 15:23:03,999 [DEBUG]  Changing transaction state from "WAITING FOR REPLY" to "PROCESSING REPLY"
2024-11-19 15:23:04,000 [DEBUG]  RECV: 0x0 0x6 0x0 0x0 0x0 0x5 0x1 0x4 0x2 0x0 0x32
2024-11-19 15:23:04,000 [DEBUG]  Processing: 0x0 0x6 0x0 0x0 0x0 0x5 0x1 0x4 0x2 0x0 0x32
2024-11-19 15:23:04,000 [DEBUG]  decode PDU for 4
2024-11-19 15:23:04,001 [DEBUG]  Frame advanced, resetting header!!
2024-11-19 15:23:04,001 [DEBUG]  Adding transaction 6
2024-11-19 15:23:04,001 [DEBUG]  Getting transaction 6
2024-11-19 15:23:04,001 [DEBUG]  Changing transaction state from "PROCESSING REPLY" to "TRANSACTION_COMPLETE"
2024-11-19 15:23:04,002 [INFO]  Rejestr Czestotliwosc sieci odczytany: 50
2024-11-19 15:23:04,008 [WARNING]  Rekord o nazwie - Czestotliwosc sieci już istnieje w tej tabeli
2024-11-19 15:23:04,018 [INFO]  Dodano rekord w tabeli odczyty: id_prad = 6, wartosc = 50
2024-11-19 15:23:04,019 [INFO]  Odczyt COILS Pompa 1 zalaczona: Offset = 0, Typ = Output
2024-11-19 15:23:04,019 [DEBUG]  Current transaction state - TRANSACTION_COMPLETE
2024-11-19 15:23:04,020 [DEBUG]  Running transaction 7
2024-11-19 15:23:04,020 [DEBUG]  SEND: 0x0 0x7 0x0 0x0 0x0 0x6 0x1 0x1 0x0 0x0 0x0 0x1
2024-11-19 15:23:04,021 [DEBUG]  New Transaction state "SENDING"
2024-11-19 15:23:04,021 [DEBUG]  Changing transaction state from "SENDING" to "WAITING FOR REPLY"
2024-11-19 15:23:04,022 [DEBUG]  Changing transaction state from "WAITING FOR REPLY" to "PROCESSING REPLY"
2024-11-19 15:23:04,022 [DEBUG]  RECV: 0x0 0x7 0x0 0x0 0x0 0x4 0x1 0x1 0x1 0x0
2024-11-19 15:23:04,022 [DEBUG]  Processing: 0x0 0x7 0x0 0x0 0x0 0x4 0x1 0x1 0x1 0x0
2024-11-19 15:23:04,023 [DEBUG]  decode PDU for 1
2024-11-19 15:23:04,023 [DEBUG]  Frame advanced, resetting header!!
2024-11-19 15:23:04,023 [DEBUG]  Adding transaction 7
2024-11-19 15:23:04,024 [DEBUG]  Getting transaction 7
2024-11-19 15:23:04,024 [DEBUG]  Changing transaction state from "PROCESSING REPLY" to "TRANSACTION_COMPLETE"
2024-11-19 15:23:04,024 [INFO]  COIL Pompa 1 zalaczona status: False
2024-11-19 15:23:04,079 [WARNING]  Rekord o nazwie - Pompa 1 zalaczona już istnieje w tabeli coils
2024-11-19 15:23:04,093 [INFO]  Dodano rekord w tabeli odczyty_coili: id_coila = 1, status_coila = False
2024-11-19 15:23:04,094 [INFO]  Odczyt COILS Zawor 2 otwarty: Offset = 1, Typ = Output
2024-11-19 15:23:04,094 [DEBUG]  Current transaction state - TRANSACTION_COMPLETE
2024-11-19 15:23:04,095 [DEBUG]  Running transaction 8
2024-11-19 15:23:04,095 [DEBUG]  SEND: 0x0 0x8 0x0 0x0 0x0 0x6 0x1 0x1 0x0 0x1 0x0 0x1
2024-11-19 15:23:04,095 [DEBUG]  New Transaction state "SENDING"
2024-11-19 15:23:04,096 [DEBUG]  Changing transaction state from "SENDING" to "WAITING FOR REPLY"
2024-11-19 15:23:04,097 [DEBUG]  Changing transaction state from "WAITING FOR REPLY" to "PROCESSING REPLY"
2024-11-19 15:23:04,097 [DEBUG]  RECV: 0x0 0x8 0x0 0x0 0x0 0x4 0x1 0x1 0x1 0x0
2024-11-19 15:23:04,097 [DEBUG]  Processing: 0x0 0x8 0x0 0x0 0x0 0x4 0x1 0x1 0x1 0x0
2024-11-19 15:23:04,097 [DEBUG]  decode PDU for 1
2024-11-19 15:23:04,098 [DEBUG]  Frame advanced, resetting header!!
2024-11-19 15:23:04,098 [DEBUG]  Adding transaction 8
2024-11-19 15:23:04,099 [DEBUG]  Getting transaction 8
2024-11-19 15:23:04,099 [DEBUG]  Changing transaction state from "PROCESSING REPLY" to "TRANSACTION_COMPLETE"
2024-11-19 15:23:04,099 [INFO]  COIL Zawor 2 otwarty status: False
2024-11-19 15:23:04,102 [WARNING]  Rekord o nazwie - Zawor 2 otwarty już istnieje w tabeli coils
2024-11-19 15:23:04,106 [INFO]  Dodano rekord w tabeli odczyty_coili: id_coila = 2, status_coila = False
2024-11-19 15:23:04,106 [INFO]  Odczyt COILS Alarm przegrzania silnika: Offset = 2, Typ = Output
2024-11-19 15:23:04,106 [DEBUG]  Current transaction state - TRANSACTION_COMPLETE
2024-11-19 15:23:04,107 [DEBUG]  Running transaction 9
2024-11-19 15:23:04,107 [DEBUG]  SEND: 0x0 0x9 0x0 0x0 0x0 0x6 0x1 0x1 0x0 0x2 0x0 0x1
2024-11-19 15:23:04,107 [DEBUG]  New Transaction state "SENDING"
2024-11-19 15:23:04,108 [DEBUG]  Changing transaction state from "SENDING" to "WAITING FOR REPLY"
2024-11-19 15:23:04,109 [DEBUG]  Changing transaction state from "WAITING FOR REPLY" to "PROCESSING REPLY"
2024-11-19 15:23:04,109 [DEBUG]  RECV: 0x0 0x9 0x0 0x0 0x0 0x4 0x1 0x1 0x1 0x1
2024-11-19 15:23:04,109 [DEBUG]  Processing: 0x0 0x9 0x0 0x0 0x0 0x4 0x1 0x1 0x1 0x1
2024-11-19 15:23:04,110 [DEBUG]  decode PDU for 1
2024-11-19 15:23:04,110 [DEBUG]  Frame advanced, resetting header!!
2024-11-19 15:23:04,110 [DEBUG]  Adding transaction 9
2024-11-19 15:23:04,111 [DEBUG]  Getting transaction 9
2024-11-19 15:23:04,111 [DEBUG]  Changing transaction state from "PROCESSING REPLY" to "TRANSACTION_COMPLETE"
2024-11-19 15:23:04,111 [INFO]  COIL Alarm przegrzania silnika status: True
2024-11-19 15:23:04,115 [WARNING]  Rekord o nazwie - Alarm przegrzania silnika już istnieje w tabeli coils
2024-11-19 15:23:04,119 [INFO]  Dodano rekord w tabeli odczyty_coili: id_coila = 3, status_coila = True
2024-11-19 15:23:04,119 [INFO]  Odczyt COILS Czujnik poziomu 1: Offset = 3, Typ = Output
2024-11-19 15:23:04,120 [DEBUG]  Current transaction state - TRANSACTION_COMPLETE
2024-11-19 15:23:04,120 [DEBUG]  Running transaction 10
2024-11-19 15:23:04,120 [DEBUG]  SEND: 0x0 0xa 0x0 0x0 0x0 0x6 0x1 0x1 0x0 0x3 0x0 0x1
2024-11-19 15:23:04,121 [DEBUG]  New Transaction state "SENDING"
2024-11-19 15:23:04,121 [DEBUG]  Changing transaction state from "SENDING" to "WAITING FOR REPLY"
2024-11-19 15:23:04,122 [DEBUG]  Changing transaction state from "WAITING FOR REPLY" to "PROCESSING REPLY"
2024-11-19 15:23:04,122 [DEBUG]  RECV: 0x0 0xa 0x0 0x0 0x0 0x4 0x1 0x1 0x1 0x0
2024-11-19 15:23:04,123 [DEBUG]  Processing: 0x0 0xa 0x0 0x0 0x0 0x4 0x1 0x1 0x1 0x0
2024-11-19 15:23:04,123 [DEBUG]  decode PDU for 1
2024-11-19 15:23:04,124 [DEBUG]  Frame advanced, resetting header!!
2024-11-19 15:23:04,124 [DEBUG]  Adding transaction 10
2024-11-19 15:23:04,124 [DEBUG]  Getting transaction 10
2024-11-19 15:23:04,125 [DEBUG]  Changing transaction state from "PROCESSING REPLY" to "TRANSACTION_COMPLETE"
2024-11-19 15:23:04,125 [INFO]  COIL Czujnik poziomu 1 status: False
2024-11-19 15:23:04,128 [WARNING]  Rekord o nazwie - Czujnik poziomu 1 już istnieje w tabeli coils
2024-11-19 15:23:04,136 [INFO]  Dodano rekord w tabeli odczyty_coili: id_coila = 4, status_coila = False
2024-11-19 15:23:04,136 [INFO]  Odczyt COILS Lampka sygnalizacyjna: Offset = 4, Typ = Output
2024-11-19 15:23:04,137 [DEBUG]  Current transaction state - TRANSACTION_COMPLETE
2024-11-19 15:23:04,137 [DEBUG]  Running transaction 11
2024-11-19 15:23:04,138 [DEBUG]  SEND: 0x0 0xb 0x0 0x0 0x0 0x6 0x1 0x1 0x0 0x4 0x0 0x1
2024-11-19 15:23:04,138 [DEBUG]  New Transaction state "SENDING"
2024-11-19 15:23:04,138 [DEBUG]  Changing transaction state from "SENDING" to "WAITING FOR REPLY"
2024-11-19 15:23:04,139 [DEBUG]  Changing transaction state from "WAITING FOR REPLY" to "PROCESSING REPLY"
2024-11-19 15:23:04,140 [DEBUG]  RECV: 0x0 0xb 0x0 0x0 0x0 0x4 0x1 0x1 0x1 0x0
2024-11-19 15:23:04,140 [DEBUG]  Processing: 0x0 0xb 0x0 0x0 0x0 0x4 0x1 0x1 0x1 0x0
2024-11-19 15:23:04,140 [DEBUG]  decode PDU for 1
2024-11-19 15:23:04,141 [DEBUG]  Frame advanced, resetting header!!
2024-11-19 15:23:04,141 [DEBUG]  Adding transaction 11
2024-11-19 15:23:04,141 [DEBUG]  Getting transaction 11
2024-11-19 15:23:04,141 [DEBUG]  Changing transaction state from "PROCESSING REPLY" to "TRANSACTION_COMPLETE"
2024-11-19 15:23:04,142 [INFO]  COIL Lampka sygnalizacyjna status: False
2024-11-19 15:23:04,145 [WARNING]  Rekord o nazwie - Lampka sygnalizacyjna już istnieje w tabeli coils
2024-11-19 15:23:04,151 [INFO]  Dodano rekord w tabeli odczyty_coili: id_coila = 5, status_coila = False
2024-11-19 15:23:04,151 [INFO]  Odczyt COILS Syrena alarmowa: Offset = 5, Typ = Output
2024-11-19 15:23:04,152 [DEBUG]  Current transaction state - TRANSACTION_COMPLETE
2024-11-19 15:23:04,153 [DEBUG]  Running transaction 12
2024-11-19 15:23:04,153 [DEBUG]  SEND: 0x0 0xc 0x0 0x0 0x0 0x6 0x1 0x1 0x0 0x5 0x0 0x1
2024-11-19 15:23:04,153 [DEBUG]  New Transaction state "SENDING"
2024-11-19 15:23:04,154 [DEBUG]  Changing transaction state from "SENDING" to "WAITING FOR REPLY"
2024-11-19 15:23:04,155 [DEBUG]  Changing transaction state from "WAITING FOR REPLY" to "PROCESSING REPLY"
2024-11-19 15:23:04,155 [DEBUG]  RECV: 0x0 0xc 0x0 0x0 0x0 0x4 0x1 0x1 0x1 0x0
2024-11-19 15:23:04,155 [DEBUG]  Processing: 0x0 0xc 0x0 0x0 0x0 0x4 0x1 0x1 0x1 0x0
2024-11-19 15:23:04,156 [DEBUG]  decode PDU for 1
2024-11-19 15:23:04,156 [DEBUG]  Frame advanced, resetting header!!
2024-11-19 15:23:04,156 [DEBUG]  Adding transaction 12
2024-11-19 15:23:04,157 [DEBUG]  Getting transaction 12
2024-11-19 15:23:04,157 [DEBUG]  Changing transaction state from "PROCESSING REPLY" to "TRANSACTION_COMPLETE"
2024-11-19 15:23:04,157 [INFO]  COIL Syrena alarmowa status: False
2024-11-19 15:23:04,160 [WARNING]  Rekord o nazwie - Syrena alarmowa już istnieje w tabeli coils
2024-11-19 15:23:04,171 [INFO]  Dodano rekord w tabeli odczyty_coili: id_coila = 6, status_coila = False
2024-11-19 15:23:04,171 [INFO]  Oczekwianie na kolejny odczyt...
