2024-11-19 15:24:52,803 [INFO]  Połączono z bazą danych
2024-11-19 15:24:52,820 [DEBUG]  Connection to Modbus server established. Socket ('192.168.1.120', 53431)
2024-11-19 15:24:52,820 [INFO]  Połączono z serwerem Modbus
2024-11-19 15:24:52,820 [INFO]  Odczyt FLOAT Prad -> L1: Offset = 0, Jednostka = A
2024-11-19 15:24:52,821 [DEBUG]  Current transaction state - IDLE
2024-11-19 15:24:52,821 [DEBUG]  Running transaction 1
2024-11-19 15:24:52,821 [DEBUG]  SEND: 0x0 0x1 0x0 0x0 0x0 0x6 0x1 0x4 0x0 0x0 0x0 0x1
2024-11-19 15:24:52,822 [DEBUG]  New Transaction state "SENDING"
2024-11-19 15:24:52,822 [DEBUG]  Changing transaction state from "SENDING" to "WAITING FOR REPLY"
2024-11-19 15:24:52,823 [DEBUG]  Changing transaction state from "WAITING FOR REPLY" to "PROCESSING REPLY"
2024-11-19 15:24:52,824 [DEBUG]  RECV: 0x0 0x1 0x0 0x0 0x0 0x5 0x1 0x4 0x2 0x0 0xb
2024-11-19 15:24:52,824 [DEBUG]  Processing: 0x0 0x1 0x0 0x0 0x0 0x5 0x1 0x4 0x2 0x0 0xb
2024-11-19 15:24:52,824 [DEBUG]  decode PDU for 4
2024-11-19 15:24:52,824 [DEBUG]  Frame advanced, resetting header!!
2024-11-19 15:24:52,825 [DEBUG]  Adding transaction 1
2024-11-19 15:24:52,825 [DEBUG]  Getting transaction 1
2024-11-19 15:24:52,825 [DEBUG]  Changing transaction state from "PROCESSING REPLY" to "TRANSACTION_COMPLETE"
2024-11-19 15:24:52,825 [INFO]  Rejestr L1 odczytany: 11
2024-11-19 15:24:52,829 [WARNING]  Rekord o nazwie - L1 już istnieje w tej tabeli
2024-11-19 15:24:52,864 [INFO]  Dodano rekord w tabeli odczyty: id_prad = 1, wartosc = 11
2024-11-19 15:24:52,865 [INFO]  Odczyt FLOAT Prad -> L2: Offset = 1, Jednostka = A
2024-11-19 15:24:52,865 [DEBUG]  Current transaction state - TRANSACTION_COMPLETE
2024-11-19 15:24:52,865 [DEBUG]  Running transaction 2
2024-11-19 15:24:52,866 [DEBUG]  SEND: 0x0 0x2 0x0 0x0 0x0 0x6 0x1 0x4 0x0 0x1 0x0 0x1
2024-11-19 15:24:52,866 [DEBUG]  New Transaction state "SENDING"
2024-11-19 15:24:52,866 [DEBUG]  Changing transaction state from "SENDING" to "WAITING FOR REPLY"
2024-11-19 15:24:52,867 [DEBUG]  Changing transaction state from "WAITING FOR REPLY" to "PROCESSING REPLY"
2024-11-19 15:24:52,867 [DEBUG]  RECV: 0x0 0x2 0x0 0x0 0x0 0x5 0x1 0x4 0x2 0x0 0x10
2024-11-19 15:24:52,867 [DEBUG]  Processing: 0x0 0x2 0x0 0x0 0x0 0x5 0x1 0x4 0x2 0x0 0x10
2024-11-19 15:24:52,868 [DEBUG]  decode PDU for 4
2024-11-19 15:24:52,868 [DEBUG]  Frame advanced, resetting header!!
2024-11-19 15:24:52,868 [DEBUG]  Adding transaction 2
2024-11-19 15:24:52,869 [DEBUG]  Getting transaction 2
2024-11-19 15:24:52,869 [DEBUG]  Changing transaction state from "PROCESSING REPLY" to "TRANSACTION_COMPLETE"
2024-11-19 15:24:52,871 [INFO]  Rejestr L2 odczytany: 16
2024-11-19 15:24:52,874 [WARNING]  Rekord o nazwie - L2 już istnieje w tej tabeli
2024-11-19 15:24:52,886 [INFO]  Dodano rekord w tabeli odczyty: id_prad = 2, wartosc = 16
2024-11-19 15:24:52,886 [INFO]  Odczyt FLOAT Prad -> L3: Offset = 2, Jednostka = A
2024-11-19 15:24:52,887 [DEBUG]  Current transaction state - TRANSACTION_COMPLETE
2024-11-19 15:24:52,887 [DEBUG]  Running transaction 3
2024-11-19 15:24:52,889 [DEBUG]  SEND: 0x0 0x3 0x0 0x0 0x0 0x6 0x1 0x4 0x0 0x2 0x0 0x1
2024-11-19 15:24:52,890 [DEBUG]  New Transaction state "SENDING"
2024-11-19 15:24:52,890 [DEBUG]  Changing transaction state from "SENDING" to "WAITING FOR REPLY"
2024-11-19 15:24:52,892 [DEBUG]  Changing transaction state from "WAITING FOR REPLY" to "PROCESSING REPLY"
2024-11-19 15:24:52,892 [DEBUG]  RECV: 0x0 0x3 0x0 0x0 0x0 0x5 0x1 0x4 0x2 0x0 0x9
2024-11-19 15:24:52,892 [DEBUG]  Processing: 0x0 0x3 0x0 0x0 0x0 0x5 0x1 0x4 0x2 0x0 0x9
2024-11-19 15:24:52,892 [DEBUG]  decode PDU for 4
2024-11-19 15:24:52,893 [DEBUG]  Frame advanced, resetting header!!
2024-11-19 15:24:52,893 [DEBUG]  Adding transaction 3
2024-11-19 15:24:52,894 [DEBUG]  Getting transaction 3
2024-11-19 15:24:52,894 [DEBUG]  Changing transaction state from "PROCESSING REPLY" to "TRANSACTION_COMPLETE"
2024-11-19 15:24:52,895 [INFO]  Rejestr L3 odczytany: 9
2024-11-19 15:24:52,898 [WARNING]  Rekord o nazwie - L3 już istnieje w tej tabeli
2024-11-19 15:24:52,911 [INFO]  Dodano rekord w tabeli odczyty: id_prad = 3, wartosc = 9
2024-11-19 15:24:52,911 [INFO]  Odczyt FLOAT Prad -> N: Offset = 3, Jednostka = A
2024-11-19 15:24:52,912 [DEBUG]  Current transaction state - TRANSACTION_COMPLETE
2024-11-19 15:24:52,912 [DEBUG]  Running transaction 4
2024-11-19 15:24:52,913 [DEBUG]  SEND: 0x0 0x4 0x0 0x0 0x0 0x6 0x1 0x4 0x0 0x3 0x0 0x1
2024-11-19 15:24:52,915 [DEBUG]  New Transaction state "SENDING"
2024-11-19 15:24:52,915 [DEBUG]  Changing transaction state from "SENDING" to "WAITING FOR REPLY"
2024-11-19 15:24:52,915 [DEBUG]  Changing transaction state from "WAITING FOR REPLY" to "PROCESSING REPLY"
2024-11-19 15:24:52,916 [DEBUG]  RECV: 0x0 0x4 0x0 0x0 0x0 0x5 0x1 0x4 0x2 0x0 0x1
2024-11-19 15:24:52,916 [DEBUG]  Processing: 0x0 0x4 0x0 0x0 0x0 0x5 0x1 0x4 0x2 0x0 0x1
2024-11-19 15:24:52,917 [DEBUG]  decode PDU for 4
2024-11-19 15:24:52,917 [DEBUG]  Frame advanced, resetting header!!
2024-11-19 15:24:52,917 [DEBUG]  Adding transaction 4
2024-11-19 15:24:52,918 [DEBUG]  Getting transaction 4
2024-11-19 15:24:52,919 [DEBUG]  Changing transaction state from "PROCESSING REPLY" to "TRANSACTION_COMPLETE"
2024-11-19 15:24:52,919 [INFO]  Rejestr N odczytany: 1
2024-11-19 15:24:52,923 [WARNING]  Rekord o nazwie - N już istnieje w tej tabeli
2024-11-19 15:24:52,928 [INFO]  Dodano rekord w tabeli odczyty: id_prad = 4, wartosc = 1
2024-11-19 15:24:52,928 [INFO]  Odczyt FLOAT Prad -> Asymetria: Offset = 4, Jednostka = %
2024-11-19 15:24:52,930 [DEBUG]  Current transaction state - TRANSACTION_COMPLETE
2024-11-19 15:24:52,932 [DEBUG]  Running transaction 5
2024-11-19 15:24:52,932 [DEBUG]  SEND: 0x0 0x5 0x0 0x0 0x0 0x6 0x1 0x4 0x0 0x4 0x0 0x1
2024-11-19 15:24:52,932 [DEBUG]  New Transaction state "SENDING"
2024-11-19 15:24:52,933 [DEBUG]  Changing transaction state from "SENDING" to "WAITING FOR REPLY"
2024-11-19 15:24:52,934 [DEBUG]  Changing transaction state from "WAITING FOR REPLY" to "PROCESSING REPLY"
2024-11-19 15:24:52,934 [DEBUG]  RECV: 0x0 0x5 0x0 0x0 0x0 0x5 0x1 0x4 0x2 0x0 0x2
2024-11-19 15:24:52,934 [DEBUG]  Processing: 0x0 0x5 0x0 0x0 0x0 0x5 0x1 0x4 0x2 0x0 0x2
2024-11-19 15:24:52,935 [DEBUG]  decode PDU for 4
2024-11-19 15:24:52,935 [DEBUG]  Frame advanced, resetting header!!
2024-11-19 15:24:52,936 [DEBUG]  Adding transaction 5
2024-11-19 15:24:52,936 [DEBUG]  Getting transaction 5
2024-11-19 15:24:52,937 [DEBUG]  Changing transaction state from "PROCESSING REPLY" to "TRANSACTION_COMPLETE"
2024-11-19 15:24:52,937 [INFO]  Rejestr Asymetria odczytany: 2
2024-11-19 15:24:52,941 [WARNING]  Rekord o nazwie - Asymetria już istnieje w tej tabeli
2024-11-19 15:24:52,945 [INFO]  Dodano rekord w tabeli odczyty: id_prad = 5, wartosc = 2
2024-11-19 15:24:52,946 [INFO]  Odczyt FLOAT Prad -> Czestotliwosc sieci: Offset = 5, Jednostka = Hz
2024-11-19 15:24:52,946 [DEBUG]  Current transaction state - TRANSACTION_COMPLETE
2024-11-19 15:24:52,947 [DEBUG]  Running transaction 6
2024-11-19 15:24:52,947 [DEBUG]  SEND: 0x0 0x6 0x0 0x0 0x0 0x6 0x1 0x4 0x0 0x5 0x0 0x1
2024-11-19 15:24:52,948 [DEBUG]  New Transaction state "SENDING"
2024-11-19 15:24:52,948 [DEBUG]  Changing transaction state from "SENDING" to "WAITING FOR REPLY"
2024-11-19 15:24:52,949 [DEBUG]  Changing transaction state from "WAITING FOR REPLY" to "PROCESSING REPLY"
2024-11-19 15:24:52,949 [DEBUG]  RECV: 0x0 0x6 0x0 0x0 0x0 0x5 0x1 0x4 0x2 0x0 0x32
2024-11-19 15:24:52,950 [DEBUG]  Processing: 0x0 0x6 0x0 0x0 0x0 0x5 0x1 0x4 0x2 0x0 0x32
2024-11-19 15:24:52,950 [DEBUG]  decode PDU for 4
2024-11-19 15:24:52,951 [DEBUG]  Frame advanced, resetting header!!
2024-11-19 15:24:52,951 [DEBUG]  Adding transaction 6
2024-11-19 15:24:52,951 [DEBUG]  Getting transaction 6
2024-11-19 15:24:52,951 [DEBUG]  Changing transaction state from "PROCESSING REPLY" to "TRANSACTION_COMPLETE"
2024-11-19 15:24:52,952 [INFO]  Rejestr Czestotliwosc sieci odczytany: 50
2024-11-19 15:24:52,956 [WARNING]  Rekord o nazwie - Czestotliwosc sieci już istnieje w tej tabeli
2024-11-19 15:24:52,960 [INFO]  Dodano rekord w tabeli odczyty: id_prad = 6, wartosc = 50
2024-11-19 15:24:52,961 [INFO]  Odczyt COILS Pompa 1 zalaczona: Offset = 0, Typ = Output
2024-11-19 15:24:52,961 [DEBUG]  Current transaction state - TRANSACTION_COMPLETE
2024-11-19 15:24:52,962 [DEBUG]  Running transaction 7
2024-11-19 15:24:52,962 [DEBUG]  SEND: 0x0 0x7 0x0 0x0 0x0 0x6 0x1 0x1 0x0 0x0 0x0 0x1
2024-11-19 15:24:52,963 [DEBUG]  New Transaction state "SENDING"
2024-11-19 15:24:52,963 [DEBUG]  Changing transaction state from "SENDING" to "WAITING FOR REPLY"
2024-11-19 15:24:52,964 [DEBUG]  Changing transaction state from "WAITING FOR REPLY" to "PROCESSING REPLY"
2024-11-19 15:24:52,964 [DEBUG]  RECV: 0x0 0x7 0x0 0x0 0x0 0x4 0x1 0x1 0x1 0x0
2024-11-19 15:24:52,965 [DEBUG]  Processing: 0x0 0x7 0x0 0x0 0x0 0x4 0x1 0x1 0x1 0x0
2024-11-19 15:24:52,965 [DEBUG]  decode PDU for 1
2024-11-19 15:24:52,966 [DEBUG]  Frame advanced, resetting header!!
2024-11-19 15:24:52,966 [DEBUG]  Adding transaction 7
2024-11-19 15:24:52,967 [DEBUG]  Getting transaction 7
2024-11-19 15:24:52,968 [DEBUG]  Changing transaction state from "PROCESSING REPLY" to "TRANSACTION_COMPLETE"
2024-11-19 15:24:52,968 [INFO]  COIL Pompa 1 zalaczona status: False
2024-11-19 15:24:52,972 [WARNING]  Rekord o nazwie - Pompa 1 zalaczona już istnieje w tabeli coils
2024-11-19 15:24:52,977 [INFO]  Dodano rekord w tabeli odczyty_coili: id_coila = 1, status_coila = False
2024-11-19 15:24:52,978 [INFO]  Odczyt COILS Zawor 2 otwarty: Offset = 1, Typ = Output
2024-11-19 15:24:52,978 [DEBUG]  Current transaction state - TRANSACTION_COMPLETE
2024-11-19 15:24:52,979 [DEBUG]  Running transaction 8
2024-11-19 15:24:52,979 [DEBUG]  SEND: 0x0 0x8 0x0 0x0 0x0 0x6 0x1 0x1 0x0 0x1 0x0 0x1
2024-11-19 15:24:52,980 [DEBUG]  New Transaction state "SENDING"
2024-11-19 15:24:52,980 [DEBUG]  Changing transaction state from "SENDING" to "WAITING FOR REPLY"
2024-11-19 15:24:52,981 [DEBUG]  Changing transaction state from "WAITING FOR REPLY" to "PROCESSING REPLY"
2024-11-19 15:24:52,981 [DEBUG]  RECV: 0x0 0x8 0x0 0x0 0x0 0x4 0x1 0x1 0x1 0x0
2024-11-19 15:24:52,982 [DEBUG]  Processing: 0x0 0x8 0x0 0x0 0x0 0x4 0x1 0x1 0x1 0x0
2024-11-19 15:24:52,982 [DEBUG]  decode PDU for 1
2024-11-19 15:24:52,982 [DEBUG]  Frame advanced, resetting header!!
2024-11-19 15:24:52,983 [DEBUG]  Adding transaction 8
2024-11-19 15:24:52,983 [DEBUG]  Getting transaction 8
2024-11-19 15:24:52,983 [DEBUG]  Changing transaction state from "PROCESSING REPLY" to "TRANSACTION_COMPLETE"
2024-11-19 15:24:52,984 [INFO]  COIL Zawor 2 otwarty status: False
2024-11-19 15:24:52,987 [WARNING]  Rekord o nazwie - Zawor 2 otwarty już istnieje w tabeli coils
2024-11-19 15:24:52,991 [INFO]  Dodano rekord w tabeli odczyty_coili: id_coila = 2, status_coila = False
2024-11-19 15:24:52,991 [INFO]  Odczyt COILS Alarm przegrzania silnika: Offset = 2, Typ = Output
2024-11-19 15:24:52,992 [DEBUG]  Current transaction state - TRANSACTION_COMPLETE
2024-11-19 15:24:52,992 [DEBUG]  Running transaction 9
2024-11-19 15:24:52,993 [DEBUG]  SEND: 0x0 0x9 0x0 0x0 0x0 0x6 0x1 0x1 0x0 0x2 0x0 0x1
2024-11-19 15:24:52,993 [DEBUG]  New Transaction state "SENDING"
2024-11-19 15:24:52,994 [DEBUG]  Changing transaction state from "SENDING" to "WAITING FOR REPLY"
2024-11-19 15:24:52,994 [DEBUG]  Changing transaction state from "WAITING FOR REPLY" to "PROCESSING REPLY"
2024-11-19 15:24:52,994 [DEBUG]  RECV: 0x0 0x9 0x0 0x0 0x0 0x4 0x1 0x1 0x1 0x1
2024-11-19 15:24:52,995 [DEBUG]  Processing: 0x0 0x9 0x0 0x0 0x0 0x4 0x1 0x1 0x1 0x1
2024-11-19 15:24:52,995 [DEBUG]  decode PDU for 1
2024-11-19 15:24:52,996 [DEBUG]  Frame advanced, resetting header!!
2024-11-19 15:24:52,996 [DEBUG]  Adding transaction 9
2024-11-19 15:24:52,997 [DEBUG]  Getting transaction 9
2024-11-19 15:24:52,997 [DEBUG]  Changing transaction state from "PROCESSING REPLY" to "TRANSACTION_COMPLETE"
2024-11-19 15:24:52,997 [INFO]  COIL Alarm przegrzania silnika status: True
2024-11-19 15:24:53,001 [WARNING]  Rekord o nazwie - Alarm przegrzania silnika już istnieje w tabeli coils
2024-11-19 15:24:53,006 [INFO]  Dodano rekord w tabeli odczyty_coili: id_coila = 3, status_coila = True
2024-11-19 15:24:53,006 [INFO]  Odczyt COILS Czujnik poziomu 1: Offset = 3, Typ = Output
2024-11-19 15:24:53,006 [DEBUG]  Current transaction state - TRANSACTION_COMPLETE
2024-11-19 15:24:53,007 [DEBUG]  Running transaction 10
2024-11-19 15:24:53,007 [DEBUG]  SEND: 0x0 0xa 0x0 0x0 0x0 0x6 0x1 0x1 0x0 0x3 0x0 0x1
2024-11-19 15:24:53,008 [DEBUG]  New Transaction state "SENDING"
2024-11-19 15:24:53,008 [DEBUG]  Changing transaction state from "SENDING" to "WAITING FOR REPLY"
2024-11-19 15:24:53,009 [DEBUG]  Changing transaction state from "WAITING FOR REPLY" to "PROCESSING REPLY"
2024-11-19 15:24:53,009 [DEBUG]  RECV: 0x0 0xa 0x0 0x0 0x0 0x4 0x1 0x1 0x1 0x0
2024-11-19 15:24:53,010 [DEBUG]  Processing: 0x0 0xa 0x0 0x0 0x0 0x4 0x1 0x1 0x1 0x0
2024-11-19 15:24:53,011 [DEBUG]  decode PDU for 1
2024-11-19 15:24:53,012 [DEBUG]  Frame advanced, resetting header!!
2024-11-19 15:24:53,012 [DEBUG]  Adding transaction 10
2024-11-19 15:24:53,012 [DEBUG]  Getting transaction 10
2024-11-19 15:24:53,013 [DEBUG]  Changing transaction state from "PROCESSING REPLY" to "TRANSACTION_COMPLETE"
2024-11-19 15:24:53,013 [INFO]  COIL Czujnik poziomu 1 status: False
2024-11-19 15:24:53,016 [WARNING]  Rekord o nazwie - Czujnik poziomu 1 już istnieje w tabeli coils
2024-11-19 15:24:53,020 [INFO]  Dodano rekord w tabeli odczyty_coili: id_coila = 4, status_coila = False
2024-11-19 15:24:53,021 [INFO]  Odczyt COILS Lampka sygnalizacyjna: Offset = 4, Typ = Output
2024-11-19 15:24:53,022 [DEBUG]  Current transaction state - TRANSACTION_COMPLETE
2024-11-19 15:24:53,022 [DEBUG]  Running transaction 11
2024-11-19 15:24:53,023 [DEBUG]  SEND: 0x0 0xb 0x0 0x0 0x0 0x6 0x1 0x1 0x0 0x4 0x0 0x1
2024-11-19 15:24:53,023 [DEBUG]  New Transaction state "SENDING"
2024-11-19 15:24:53,024 [DEBUG]  Changing transaction state from "SENDING" to "WAITING FOR REPLY"
2024-11-19 15:24:53,024 [DEBUG]  Changing transaction state from "WAITING FOR REPLY" to "PROCESSING REPLY"
2024-11-19 15:24:53,025 [DEBUG]  RECV: 0x0 0xb 0x0 0x0 0x0 0x4 0x1 0x1 0x1 0x0
2024-11-19 15:24:53,025 [DEBUG]  Processing: 0x0 0xb 0x0 0x0 0x0 0x4 0x1 0x1 0x1 0x0
2024-11-19 15:24:53,025 [DEBUG]  decode PDU for 1
2024-11-19 15:24:53,026 [DEBUG]  Frame advanced, resetting header!!
2024-11-19 15:24:53,026 [DEBUG]  Adding transaction 11
2024-11-19 15:24:53,027 [DEBUG]  Getting transaction 11
2024-11-19 15:24:53,027 [DEBUG]  Changing transaction state from "PROCESSING REPLY" to "TRANSACTION_COMPLETE"
2024-11-19 15:24:53,027 [INFO]  COIL Lampka sygnalizacyjna status: False
2024-11-19 15:24:53,031 [WARNING]  Rekord o nazwie - Lampka sygnalizacyjna już istnieje w tabeli coils
2024-11-19 15:24:53,035 [INFO]  Dodano rekord w tabeli odczyty_coili: id_coila = 5, status_coila = False
2024-11-19 15:24:53,035 [INFO]  Odczyt COILS Syrena alarmowa: Offset = 5, Typ = Output
2024-11-19 15:24:53,036 [DEBUG]  Current transaction state - TRANSACTION_COMPLETE
2024-11-19 15:24:53,038 [DEBUG]  Running transaction 12
2024-11-19 15:24:53,038 [DEBUG]  SEND: 0x0 0xc 0x0 0x0 0x0 0x6 0x1 0x1 0x0 0x5 0x0 0x1
2024-11-19 15:24:53,039 [DEBUG]  New Transaction state "SENDING"
2024-11-19 15:24:53,039 [DEBUG]  Changing transaction state from "SENDING" to "WAITING FOR REPLY"
2024-11-19 15:24:53,040 [DEBUG]  Changing transaction state from "WAITING FOR REPLY" to "PROCESSING REPLY"
2024-11-19 15:24:53,040 [DEBUG]  RECV: 0x0 0xc 0x0 0x0 0x0 0x4 0x1 0x1 0x1 0x0
2024-11-19 15:24:53,040 [DEBUG]  Processing: 0x0 0xc 0x0 0x0 0x0 0x4 0x1 0x1 0x1 0x0
2024-11-19 15:24:53,041 [DEBUG]  decode PDU for 1
2024-11-19 15:24:53,041 [DEBUG]  Frame advanced, resetting header!!
2024-11-19 15:24:53,042 [DEBUG]  Adding transaction 12
2024-11-19 15:24:53,042 [DEBUG]  Getting transaction 12
2024-11-19 15:24:53,043 [DEBUG]  Changing transaction state from "PROCESSING REPLY" to "TRANSACTION_COMPLETE"
2024-11-19 15:24:53,043 [INFO]  COIL Syrena alarmowa status: False
2024-11-19 15:24:53,047 [WARNING]  Rekord o nazwie - Syrena alarmowa już istnieje w tabeli coils
2024-11-19 15:24:53,050 [INFO]  Dodano rekord w tabeli odczyty_coili: id_coila = 6, status_coila = False
2024-11-19 15:24:53,051 [INFO]  Oczekwianie na kolejny odczyt...
